Build started 2015/3/9 8:47:16.
     1>Project "C:\Users\pc\documents\visual studio 2010\Projects\Projet IA\Projet IA\Projet IA.vcxproj" on node 2 (build target(s)).
     1>InitializeBuildStatus:
         Touching "Debug\Projet IA.unsuccessfulbuild".
       ClCompile:
         D:\Program Files (x86)\Microsoft Visual Studio 10.0\VC\bin\CL.exe /c /ZI /nologo /W3 /WX- /Od /Oy- /D WIN32 /D _DEBUG /D _CONSOLE /D _UNICODE /D UNICODE /Gm /EHsc /RTC1 /MDd /GS /fp:precise /Zc:wchar_t /Zc:forScope /Fo"Debug\\" /Fd"Debug\vc100.pdb" /Gd /TP /analyze- /errorReport:prompt Chemin.cpp Main.cpp OutilsCarteRecuitSimule.cpp Tour.cpp /wd4430 
         Main.cpp
         Generating Code...
         Compiling...
         Tour.cpp
     1>c:\users\pc\documents\visual studio 2010\projects\projet ia\projet ia\tour.cpp(9): warning C4018: '<' : signed/unsigned mismatch
     1>c:\users\pc\documents\visual studio 2010\projects\projet ia\projet ia\tour.cpp(68): warning C4244: 'argument' : conversion from 'time_t' to 'unsigned int', possible loss of data
     1>c:\users\pc\documents\visual studio 2010\projects\projet ia\projet ia\tour.cpp(73): warning C4244: 'argument' : conversion from 'time_t' to 'unsigned int', possible loss of data
     1>c:\users\pc\documents\visual studio 2010\projects\projet ia\projet ia\tour.cpp(82): warning C4101: 'd' : unreferenced local variable
     1>c:\users\pc\documents\visual studio 2010\projects\projet ia\projet ia\tour.cpp(117): warning C4018: '<' : signed/unsigned mismatch
     1>c:\users\pc\documents\visual studio 2010\projects\projet ia\projet ia\tour.cpp(115): warning C4101: 'j' : unreferenced local variable
         OutilsCarteRecuitSimule.cpp
         Chemin.cpp
         Generating Code...
       ManifestResourceCompile:
         All outputs are up-to-date.
       Link:
         D:\Program Files (x86)\Microsoft Visual Studio 10.0\VC\bin\link.exe /ERRORREPORT:PROMPT /OUT:"C:\Users\pc\documents\visual studio 2010\Projects\Projet IA\Debug\Projet IA.exe" /INCREMENTAL /NOLOGO kernel32.lib user32.lib gdi32.lib winspool.lib comdlg32.lib advapi32.lib shell32.lib ole32.lib oleaut32.lib uuid.lib odbc32.lib odbccp32.lib /MANIFEST /ManifestFile:"Debug\Projet IA.exe.intermediate.manifest" /MANIFESTUAC:"level='asInvoker' uiAccess='false'" /DEBUG /PDB:"C:\Users\pc\documents\visual studio 2010\Projects\Projet IA\Debug\Projet IA.pdb" /SUBSYSTEM:CONSOLE /TLBID:1 /DYNAMICBASE /NXCOMPAT /IMPLIB:"C:\Users\pc\documents\visual studio 2010\Projects\Projet IA\Debug\Projet IA.lib" /MACHINE:X86 "Debug\Projet IA.exe.embed.manifest.res"
         Debug\Chemin.obj
         Debug\GElement.obj
         Debug\InfoAreteCarte.obj
         Debug\InfoSommetCarte.obj
         Debug\Main.obj
         Debug\OutilsCarteRecuitSimule.obj
         Debug\Tour.obj
         Debug\Vecteur2D.obj
       Manifest:
         C:\Program Files (x86)\Microsoft SDKs\Windows\v7.0A\bin\mt.exe /nologo /verbose /out:"Debug\Projet IA.exe.embed.manifest" /manifest "Debug\Projet IA.exe.intermediate.manifest"
         All outputs are up-to-date.
       LinkEmbedManifest:
         All outputs are up-to-date.
         Projet IA.vcxproj -> C:\Users\pc\documents\visual studio 2010\Projects\Projet IA\Debug\Projet IA.exe
       FinalizeBuildStatus:
         Deleting file "Debug\Projet IA.unsuccessfulbuild".
         Touching "Debug\Projet IA.lastbuildstate".
     1>Done Building Project "C:\Users\pc\documents\visual studio 2010\Projects\Projet IA\Projet IA\Projet IA.vcxproj" (build target(s)).

Build succeeded.

Time Elapsed 00:00:03.15
