Build started 2015/3/23 17:41:06.
     1>Project "C:\Users\pc\documents\visual studio 2010\Projects\Projet Mod\Projet Mod\Projet Mod.vcxproj" on node 2 (build target(s)).
     1>InitializeBuildStatus:
         Creating "Debug\Projet Mod.unsuccessfulbuild" because "AlwaysCreate" was specified.
       ClCompile:
         D:\Program Files (x86)\Microsoft Visual Studio 10.0\VC\bin\CL.exe /c /ZI /nologo /W3 /WX- /Od /Oy- /D WIN32 /D _DEBUG /D _CONSOLE /D _UNICODE /D UNICODE /Gm /EHsc /RTC1 /MDd /GS /fp:precise /Zc:wchar_t /Zc:forScope /Fo"Debug\\" /Fd"Debug\vc100.pdb" /Gd /TP /analyze- /errorReport:prompt main.cpp
         main.cpp
       ManifestResourceCompile:
         All outputs are up-to-date.
       Link:
         D:\Program Files (x86)\Microsoft Visual Studio 10.0\VC\bin\link.exe /ERRORREPORT:PROMPT /OUT:"C:\Users\pc\documents\visual studio 2010\Projects\Projet Mod\Debug\Projet Mod.exe" /INCREMENTAL /NOLOGO kernel32.lib user32.lib gdi32.lib winspool.lib comdlg32.lib advapi32.lib shell32.lib ole32.lib oleaut32.lib uuid.lib odbc32.lib odbccp32.lib /MANIFEST /ManifestFile:"Debug\Projet Mod.exe.intermediate.manifest" /MANIFESTUAC:"level='asInvoker' uiAccess='false'" /DEBUG /PDB:"C:\Users\pc\documents\visual studio 2010\Projects\Projet Mod\Debug\Projet Mod.pdb" /SUBSYSTEM:CONSOLE /TLBID:1 /DYNAMICBASE /NXCOMPAT /IMPLIB:"C:\Users\pc\documents\visual studio 2010\Projects\Projet Mod\Debug\Projet Mod.lib" /MACHINE:X86 "Debug\Projet Mod.exe.embed.manifest.res"
         Debug\main.obj
         Debug\Vecteur2D.obj
       Manifest:
         C:\Program Files (x86)\Microsoft SDKs\Windows\v7.0A\bin\mt.exe /nologo /verbose /out:"Debug\Projet Mod.exe.embed.manifest" /manifest "Debug\Projet Mod.exe.intermediate.manifest"
         All outputs are up-to-date.
       LinkEmbedManifest:
         All outputs are up-to-date.
         Projet Mod.vcxproj -> C:\Users\pc\documents\visual studio 2010\Projects\Projet Mod\Debug\Projet Mod.exe
       FinalizeBuildStatus:
         Deleting file "Debug\Projet Mod.unsuccessfulbuild".
         Touching "Debug\Projet Mod.lastbuildstate".
     1>Done Building Project "C:\Users\pc\documents\visual studio 2010\Projects\Projet Mod\Projet Mod\Projet Mod.vcxproj" (build target(s)).

Build succeeded.

Time Elapsed 00:00:01.34
